<?xml version="1.0" encoding="UTF-8"?>
<!-- Generated by org.testng.reporters.JUnitXMLReporter -->
<testsuite ignored="0" hostname="DESKTOP-DD86M0M" failures="0" tests="5" name="Test" time="22.423" errors="0" timestamp="2023-06-25T22:25:48 IST">
  <testcase classname="Test_Classes.Post_TC1" name="extractor" time="15.577"/>
  <testcase classname="Test_Classes.Get_TC1" name="extractor" time="1.298"/>
  <testcase classname="Test_Classes.Put_TC1" name="extractor" time="1.533"/>
  <testcase classname="Test_Classes.Post_RetryCode_TC2" name="extractor" time="2.162"/>
  <testcase classname="Test_Classes.Patch_TC1" name="extractor" time="1.52"/>
</testsuite> <!-- Test -->
